<?xml version="1.0" encoding="UTF-8"?>
<testng-results skipped="0" failed="0" ignored="0" total="2" passed="2">
  <reporter-output>
  </reporter-output>
  <suite name="Suite" duration-ms="55742" started-at="2021-05-15T16:50:15 IST" finished-at="2021-05-15T16:51:10 IST">
    <groups>
      <group name="cucumber">
        <method signature="AbstractTestNGCucumberTests.runScenario(io.cucumber.testng.PickleWrapper,io.cucumber.testng.FeatureWrapper)[pri:0, instance:testrunner.testrunner@433d61fb]" name="runScenario" class="io.cucumber.testng.AbstractTestNGCucumberTests"/>
      </group> <!-- cucumber -->
    </groups>
    <test name="Test" duration-ms="55742" started-at="2021-05-15T16:50:15 IST" finished-at="2021-05-15T16:51:10 IST">
      <class name="testrunner.testrunner">
        <test-method status="PASS" signature="setUpClass()[pri:0, instance:testrunner.testrunner@433d61fb]" name="setUpClass" is-config="true" duration-ms="799" started-at="2021-05-15T16:50:15 IST" finished-at="2021-05-15T16:50:15 IST">
          <reporter-output>
          </reporter-output>
        </test-method> <!-- setUpClass -->
        <test-method status="PASS" signature="runScenario(io.cucumber.testng.PickleWrapper,io.cucumber.testng.FeatureWrapper)[pri:0, instance:testrunner.testrunner@433d61fb]" name="runScenario" duration-ms="27894" started-at="2021-05-15T16:50:16 IST" description="Runs Cucumber Scenarios" data-provider="scenarios" finished-at="2021-05-15T16:50:43 IST">
          <params>
            <param index="0">
              <value>
                <![CDATA["Login to Rahulshettyacademy.com with valid username and password"]]>
              </value>
            </param>
            <param index="1">
              <value>
                <![CDATA["Optional[Login into application]"]]>
              </value>
            </param>
          </params>
          <reporter-output>
          </reporter-output>
        </test-method> <!-- runScenario -->
        <test-method status="PASS" signature="runScenario(io.cucumber.testng.PickleWrapper,io.cucumber.testng.FeatureWrapper)[pri:0, instance:testrunner.testrunner@433d61fb]" name="runScenario" duration-ms="26945" started-at="2021-05-15T16:50:43 IST" description="Runs Cucumber Scenarios" data-provider="scenarios" finished-at="2021-05-15T16:51:10 IST">
          <params>
            <param index="0">
              <value>
                <![CDATA["Login to Rahulshettyacademy.com with valid username and password"]]>
              </value>
            </param>
            <param index="1">
              <value>
                <![CDATA["Optional[Login into application]"]]>
              </value>
            </param>
          </params>
          <reporter-output>
          </reporter-output>
        </test-method> <!-- runScenario -->
        <test-method status="PASS" signature="tearDownClass()[pri:0, instance:testrunner.testrunner@433d61fb]" name="tearDownClass" is-config="true" duration-ms="18" started-at="2021-05-15T16:51:10 IST" finished-at="2021-05-15T16:51:10 IST">
          <reporter-output>
          </reporter-output>
        </test-method> <!-- tearDownClass -->
      </class> <!-- testrunner.testrunner -->
    </test> <!-- Test -->
  </suite> <!-- Suite -->
</testng-results>
